demo1/build/outputs/logs/manifest-merger-debug-report.txt
-- Merging decision tree log ---
manifest
ADDED from src\main\AndroidManifest.xml:20:1-133:12
	package
		ADDED from src\main\AndroidManifest.xml:22:9-34
		INJECTED from src\main\AndroidManifest.xml
		INJECTED from src\main\AndroidManifest.xml
	android:sharedUserId
		ADDED from src\main\AndroidManifest.xml:23:9-49
	xmlns:android
		ADDED from src\main\AndroidManifest.xml:20:11-69
	xmlns:androidprv
		ADDED from src\main\AndroidManifest.xml:21:9-74
original-package
ADDED from src\main\AndroidManifest.xml:25:5-56
	android:name
		ADDED from src\main\AndroidManifest.xml:25:23-53
permission#android.permission.SEND_RECEIVE_STK_INTENT
ADDED from src\main\AndroidManifest.xml:27:5-30:18
	android:label
		ADDED from src\main\AndroidManifest.xml:28:17-62
	android:protectionLevel
		ADDED from src\main\AndroidManifest.xml:29:17-52
	android:name
		ADDED from src\main\AndroidManifest.xml:27:17-74
uses-permission#android.permission.RECEIVE_BOOT_COMPLETED
ADDED from src\main\AndroidManifest.xml:32:5-81
	android:name
		ADDED from src\main\AndroidManifest.xml:32:22-78
uses-permission#android.permission.GET_TASKS
ADDED from src\main\AndroidManifest.xml:33:5-67
	android:name
		ADDED from src\main\AndroidManifest.xml:33:22-65
uses-permission#android.permission.SEND_RECEIVE_STK_INTENT
ADDED from src\main\AndroidManifest.xml:34:5-81
	android:name
		ADDED from src\main\AndroidManifest.xml:34:22-79
application
ADDED from src\main\AndroidManifest.xml:36:5-132:19
	android:clearTaskOnLaunch
		ADDED from src\main\AndroidManifest.xml:38:9-41
	android:process
		ADDED from src\main\AndroidManifest.xml:40:9-44
	android:label
		ADDED from src\main\AndroidManifest.xml:37:9-41
	android:supportsRtl
		ADDED from src\main\AndroidManifest.xml:39:9-35
	android:icon
		ADDED from src\main\AndroidManifest.xml:36:18-66
activity#com.android.stk.StkLauncherActivity
ADDED from src\main\AndroidManifest.xml:42:9-50:20
	android:enabled
		ADDED from src\main\AndroidManifest.xml:45:13-36
	android:label
		ADDED from src\main\AndroidManifest.xml:43:13-45
	android:taskAffinity
		ADDED from src\main\AndroidManifest.xml:44:13-68
	android:name
		ADDED from src\main\AndroidManifest.xml:42:19-53
intent-filter#android.intent.action.MAIN+android.intent.category.LAUNCHER
ADDED from src\main\AndroidManifest.xml:46:13-49:29
action#android.intent.action.MAIN
ADDED from src\main\AndroidManifest.xml:47:17-69
	android:name
		ADDED from src\main\AndroidManifest.xml:47:25-66
category#android.intent.category.LAUNCHER
ADDED from src\main\AndroidManifest.xml:48:17-77
	android:name
		ADDED from src\main\AndroidManifest.xml:48:27-74
activity#com.android.stk.StkLauncherActivity2
ADDED from src\main\AndroidManifest.xml:52:9-60:20
	android:enabled
		ADDED from src\main\AndroidManifest.xml:55:13-36
	android:label
		ADDED from src\main\AndroidManifest.xml:53:13-46
	android:taskAffinity
		ADDED from src\main\AndroidManifest.xml:54:13-69
	android:name
		ADDED from src\main\AndroidManifest.xml:52:19-54
activity#com.android.stk.StkLauncherActivity3
ADDED from src\main\AndroidManifest.xml:62:9-70:20
	android:enabled
		ADDED from src\main\AndroidManifest.xml:65:13-36
	android:label
		ADDED from src\main\AndroidManifest.xml:63:13-46
	android:taskAffinity
		ADDED from src\main\AndroidManifest.xml:64:13-69
	android:name
		ADDED from src\main\AndroidManifest.xml:62:19-54
activity#com.android.stk.StkMenuActivity
ADDED from src\main\AndroidManifest.xml:72:9-80:21
	android:launchMode
		ADDED from src\main\AndroidManifest.xml:74:14-44
	android:configChanges
		ADDED from src\main\AndroidManifest.xml:73:14-83
	android:name
		ADDED from src\main\AndroidManifest.xml:72:19-49
intent-filter#android.intent.action.PICK+android.intent.action.VIEW+android.intent.category.DEFAULT
ADDED from src\main\AndroidManifest.xml:75:14-79:30
action#android.intent.action.VIEW
ADDED from src\main\AndroidManifest.xml:76:18-70
	android:name
		ADDED from src\main\AndroidManifest.xml:76:26-67
action#android.intent.action.PICK
ADDED from src\main\AndroidManifest.xml:77:18-70
	android:name
		ADDED from src\main\AndroidManifest.xml:77:26-67
category#android.intent.category.DEFAULT
ADDED from src\main\AndroidManifest.xml:78:18-77
	android:name
		ADDED from src\main\AndroidManifest.xml:78:28-74
activity#com.android.stk.StkInputActivity
ADDED from src\main\AndroidManifest.xml:82:10-89:20
	android:configChanges
		ADDED from src\main\AndroidManifest.xml:83:13-74
	android:name
		ADDED from src\main\AndroidManifest.xml:82:20-51
intent-filter#android.intent.action.EDIT+android.intent.action.VIEW+android.intent.category.DEFAULT
ADDED from src\main\AndroidManifest.xml:84:13-88:29
action#android.intent.action.EDIT
ADDED from src\main\AndroidManifest.xml:86:17-69
	android:name
		ADDED from src\main\AndroidManifest.xml:86:25-66
activity#com.android.stk.StkDialogActivity
ADDED from src\main\AndroidManifest.xml:91:9-94:20
	android:configChanges
		ADDED from src\main\AndroidManifest.xml:93:13-74
	android:theme
		ADDED from src\main\AndroidManifest.xml:92:13-56
	android:name
		ADDED from src\main\AndroidManifest.xml:91:19-51
activity#com.android.stk.ToneDialog
ADDED from src\main\AndroidManifest.xml:96:9-98:20
	android:theme
		ADDED from src\main\AndroidManifest.xml:97:13-56
	android:name
		ADDED from src\main\AndroidManifest.xml:96:19-44
activity#com.android.stk.StkSettings
ADDED from src\main\AndroidManifest.xml:101:9-109:20
	android:label
		ADDED from src\main\AndroidManifest.xml:102:13-45
	android:name
		ADDED from src\main\AndroidManifest.xml:101:19-45
intent-filter#android.intent.action.MAIN+android.intent.action.VIEW+android.intent.category.DEVELOPMENT_PREFERENCE
ADDED from src\main\AndroidManifest.xml:103:13-108:29
category#android.intent.category.DEVELOPMENT_PREFERENCE
ADDED from src\main\AndroidManifest.xml:106:17-107:85
	android:name
		ADDED from src\main\AndroidManifest.xml:107:21-82
receiver#com.android.stk.StkCmdReceiver
ADDED from src\main\AndroidManifest.xml:111:9-121:20
	android:name
		ADDED from src\main\AndroidManifest.xml:111:19-64
intent-filter#android.intent.action.LOCALE_CHANGED+android.intent.action.stk.command+android.intent.action.stk.icc_status_change+android.intent.action.stk.session_end+org.codeaurora.intent.action.stk.alpha_notify+org.codeaurora.intent.action.stk.hci_connectivity+org.codeaurora.intent.action.stk.idle_screen
ADDED from src\main\AndroidManifest.xml:112:13-120:29
action#android.intent.action.stk.command
ADDED from src\main\AndroidManifest.xml:113:17-77
	android:name
		ADDED from src\main\AndroidManifest.xml:113:25-74
action#android.intent.action.stk.session_end
ADDED from src\main\AndroidManifest.xml:114:17-81
	android:name
		ADDED from src\main\AndroidManifest.xml:114:25-78
action#android.intent.action.stk.icc_status_change
ADDED from src\main\AndroidManifest.xml:115:17-87
	android:name
		ADDED from src\main\AndroidManifest.xml:115:25-84
action#org.codeaurora.intent.action.stk.alpha_notify
ADDED from src\main\AndroidManifest.xml:116:17-89
	android:name
		ADDED from src\main\AndroidManifest.xml:116:25-86
action#org.codeaurora.intent.action.stk.idle_screen
ADDED from src\main\AndroidManifest.xml:117:17-88
	android:name
		ADDED from src\main\AndroidManifest.xml:117:25-85
action#android.intent.action.LOCALE_CHANGED
ADDED from src\main\AndroidManifest.xml:118:17-80
	android:name
		ADDED from src\main\AndroidManifest.xml:118:25-77
action#org.codeaurora.intent.action.stk.hci_connectivity
ADDED from src\main\AndroidManifest.xml:119:17-93
	android:name
		ADDED from src\main\AndroidManifest.xml:119:25-90
receiver#com.android.stk.BootCompletedReceiver
ADDED from src\main\AndroidManifest.xml:123:9-128:20
	android:name
		ADDED from src\main\AndroidManifest.xml:123:19-71
intent-filter#android.intent.action.BOOT_COMPLETED+android.intent.action.USER_INITIALIZE
ADDED from src\main\AndroidManifest.xml:124:13-127:29
action#android.intent.action.BOOT_COMPLETED
ADDED from src\main\AndroidManifest.xml:125:17-79
	android:name
		ADDED from src\main\AndroidManifest.xml:125:25-76
action#android.intent.action.USER_INITIALIZE
ADDED from src\main\AndroidManifest.xml:126:17-80
	android:name
		ADDED from src\main\AndroidManifest.xml:126:25-77
service#com.android.stk.StkAppService
ADDED from src\main\AndroidManifest.xml:130:9-49
	android:name
		ADDED from src\main\AndroidManifest.xml:130:18-46